2023-02-14 12:25:08 [restartedMain] INFO  uz.atm.DsqServiceApplication - Starting DsqServiceApplication using Java 17.0.5 on shoxruh-work-PC with PID 105099 (/home/shoxruh/Disk D/work/Projects/DSQService/target/classes started by shoxruh in /home/shoxruh/Disk D/work/Projects/DSQService)
2023-02-14 12:25:08 [restartedMain] INFO  uz.atm.DsqServiceApplication - The following 1 profile is active: "dev"
2023-02-14 12:25:08 [restartedMain] INFO  o.s.b.d.e.DevToolsPropertyDefaultsPostProcessor - Devtools property defaults active! Set 'spring.devtools.add-properties' to 'false' to disable
2023-02-14 12:25:08 [restartedMain] INFO  o.s.b.d.e.DevToolsPropertyDefaultsPostProcessor - For additional web related logging consider setting the 'logging.level.web' property to 'DEBUG'
2023-02-14 12:25:09 [restartedMain] INFO  o.s.d.r.c.RepositoryConfigurationDelegate - Bootstrapping Spring Data JPA repositories in DEFAULT mode.
2023-02-14 12:25:09 [restartedMain] INFO  o.s.d.r.c.RepositoryConfigurationDelegate - Finished Spring Data repository scanning in 86 ms. Found 10 JPA repository interfaces.
2023-02-14 12:25:09 [restartedMain] INFO  o.s.b.w.e.tomcat.TomcatWebServer - Tomcat initialized with port(s): 7979 (http)
2023-02-14 12:25:09 [restartedMain] INFO  o.a.coyote.http11.Http11NioProtocol - Initializing ProtocolHandler ["http-nio-7979"]
2023-02-14 12:25:09 [restartedMain] INFO  o.a.catalina.core.StandardService - Starting service [Tomcat]
2023-02-14 12:25:09 [restartedMain] INFO  o.a.catalina.core.StandardEngine - Starting Servlet engine: [Apache Tomcat/9.0.71]
2023-02-14 12:25:09 [restartedMain] INFO  o.a.c.c.C.[Tomcat].[localhost].[/] - Initializing Spring embedded WebApplicationContext
2023-02-14 12:25:09 [restartedMain] INFO  o.s.b.w.s.c.ServletWebServerApplicationContext - Root WebApplicationContext: initialization completed in 870 ms
2023-02-14 12:25:09 [restartedMain] INFO  o.h.jpa.internal.util.LogHelper - HHH000204: Processing PersistenceUnitInfo [name: default]
2023-02-14 12:25:09 [restartedMain] INFO  org.hibernate.Version - HHH000412: Hibernate ORM core version 5.6.14.Final
2023-02-14 12:25:09 [restartedMain] INFO  o.h.annotations.common.Version - HCANN000001: Hibernate Commons Annotations {5.1.2.Final}
2023-02-14 12:25:09 [restartedMain] INFO  com.zaxxer.hikari.HikariDataSource - HikariPool-1 - Starting...
2023-02-14 12:25:10 [restartedMain] INFO  com.zaxxer.hikari.HikariDataSource - HikariPool-1 - Start completed.
2023-02-14 12:25:10 [restartedMain] INFO  org.hibernate.dialect.Dialect - HHH000400: Using dialect: org.hibernate.dialect.PostgreSQL10Dialect
2023-02-14 12:25:10 [restartedMain] INFO  o.h.e.t.j.p.i.JtaPlatformInitiator - HHH000490: Using JtaPlatform implementation: [org.hibernate.engine.transaction.jta.platform.internal.NoJtaPlatform]
2023-02-14 12:25:10 [restartedMain] INFO  o.s.o.j.LocalContainerEntityManagerFactoryBean - Initialized JPA EntityManagerFactory for persistence unit 'default'
2023-02-14 12:25:11 [restartedMain] WARN  o.s.b.a.o.j.JpaBaseConfiguration$JpaWebConfiguration - spring.jpa.open-in-view is enabled by default. Therefore, database queries may be performed during view rendering. Explicitly configure spring.jpa.open-in-view to disable this warning
2023-02-14 12:25:11 [restartedMain] INFO  o.s.b.d.a.OptionalLiveReloadServer - LiveReload server is running on port 35729
2023-02-14 12:25:11 [restartedMain] INFO  o.a.coyote.http11.Http11NioProtocol - Starting ProtocolHandler ["http-nio-7979"]
2023-02-14 12:25:11 [restartedMain] INFO  o.s.b.w.e.tomcat.TomcatWebServer - Tomcat started on port(s): 7979 (http) with context path ''
2023-02-14 12:25:11 [restartedMain] INFO  o.s.a.r.c.CachingConnectionFactory - Attempting to connect to: prod-rabbit.mf.uz:5672
2023-02-14 12:25:11 [restartedMain] INFO  o.s.a.r.l.SimpleMessageListenerContainer - Broker not available; cannot force queue declarations during start: java.net.UnknownHostException: prod-rabbit.mf.uz: Name or service not known
2023-02-14 12:25:11 [org.springframework.amqp.rabbit.RabbitListenerEndpointContainer#0-1] INFO  o.s.a.r.c.CachingConnectionFactory - Attempting to connect to: prod-rabbit.mf.uz:5672
2023-02-14 12:25:11 [restartedMain] INFO  o.s.a.r.c.CachingConnectionFactory - Attempting to connect to: dev-rabbit.mf.uz:5672
2023-02-14 12:25:11 [restartedMain] INFO  o.s.a.r.l.SimpleMessageListenerContainer - Broker not available; cannot force queue declarations during start: java.net.UnknownHostException: dev-rabbit.mf.uz: Name or service not known
2023-02-14 12:25:11 [org.springframework.amqp.rabbit.RabbitListenerEndpointContainer#1-1] INFO  o.s.a.r.c.CachingConnectionFactory - Attempting to connect to: dev-rabbit.mf.uz:5672
2023-02-14 12:25:11 [restartedMain] INFO  uz.atm.DsqServiceApplication - Started DsqServiceApplication in 3.32 seconds (JVM running for 3.844)
2023-02-14 12:25:16 [org.springframework.amqp.rabbit.RabbitListenerEndpointContainer#0-2] INFO  o.s.a.r.l.SimpleMessageListenerContainer - Waiting for workers to finish.
2023-02-14 12:25:16 [org.springframework.amqp.rabbit.RabbitListenerEndpointContainer#1-2] INFO  o.s.a.r.l.SimpleMessageListenerContainer - Waiting for workers to finish.
2023-02-14 12:25:16 [org.springframework.amqp.rabbit.RabbitListenerEndpointContainer#1-2] INFO  o.s.a.r.l.SimpleMessageListenerContainer - Successfully waited for workers to finish.
2023-02-14 12:25:16 [org.springframework.amqp.rabbit.RabbitListenerEndpointContainer#0-2] INFO  o.s.a.r.l.SimpleMessageListenerContainer - Successfully waited for workers to finish.
2023-02-14 12:25:16 [SpringApplicationShutdownHook] INFO  o.s.a.r.l.SimpleMessageListenerContainer - Shutdown ignored - container is already stopped
2023-02-14 12:25:16 [SpringApplicationShutdownHook] INFO  o.s.a.r.l.SimpleMessageListenerContainer - Shutdown ignored - container is already stopped
2023-02-14 12:25:16 [SpringApplicationShutdownHook] INFO  o.s.o.j.LocalContainerEntityManagerFactoryBean - Closing JPA EntityManagerFactory for persistence unit 'default'
2023-02-14 12:25:16 [SpringApplicationShutdownHook] INFO  com.zaxxer.hikari.HikariDataSource - HikariPool-1 - Shutdown initiated...
2023-02-14 12:25:16 [SpringApplicationShutdownHook] INFO  com.zaxxer.hikari.HikariDataSource - HikariPool-1 - Shutdown completed.
